This file contains any messages produced by compilers while
running configure, to aid debugging if configure makes a mistake.

It was created by C-Codec configure 2.0, which was
generated by GNU Autoconf 2.60.  Invocation command line was

  $ ./configure 

## --------- ##
## Platform. ##
## --------- ##

hostname = gao-Lemur-Ultra
uname -m = x86_64
uname -r = 3.2.0-58-generic
uname -s = Linux
uname -v = #88-Ubuntu SMP Tue Dec 3 17:37:58 UTC 2013

/usr/bin/uname -p = unknown
/bin/uname -X     = unknown

/bin/arch              = unknown
/usr/bin/arch -k       = unknown
/usr/convex/getsysinfo = unknown
/usr/bin/hostinfo      = unknown
/bin/machine           = unknown
/usr/bin/oslevel       = unknown
/bin/universe          = unknown

PATH: /usr/lib/lightdm/lightdm
PATH: /usr/local/sbin
PATH: /usr/local/bin
PATH: /usr/sbin
PATH: /usr/bin
PATH: /sbin
PATH: /bin
PATH: /usr/games


## ----------- ##
## Core tests. ##
## ----------- ##

configure:1966: checking for a BSD-compatible install
configure:2022: result: /usr/bin/install -c
configure:2033: checking whether build environment is sane
configure:2076: result: yes
configure:2141: checking for gawk
configure:2171: result: no
configure:2141: checking for mawk
configure:2157: found /usr/bin/mawk
configure:2168: result: mawk
configure:2179: checking whether make sets $(MAKE)
configure:2200: result: yes
configure:2379: checking how to create a ustar tar archive
configure:2392: tar --version
tar (GNU tar) 1.26
Copyright (C) 2011 Free Software Foundation, Inc.
License GPLv3+: GNU GPL version 3 or later <http://gnu.org/licenses/gpl.html>.
This is free software: you are free to change and redistribute it.
There is NO WARRANTY, to the extent permitted by law.

Written by John Gilmore and Jay Fenlason.
configure:2395: $? = 0
configure:2435: tardir=conftest.dir && eval tar --format=ustar -chf - "$tardir" >conftest.tar
configure:2438: $? = 0
configure:2442: tar -xf - <conftest.tar
configure:2445: $? = 0
configure:2458: result: gnutar
configure:2466: checking if custom rl-glue path was specified
configure:2478: result: no
configure:2532: checking for gcc
configure:2548: found /usr/bin/gcc
configure:2559: result: gcc
configure:2797: checking for C compiler version
configure:2804: gcc --version >&5
gcc (Ubuntu/Linaro 4.6.3-1ubuntu5) 4.6.3
Copyright (C) 2011 Free Software Foundation, Inc.
This is free software; see the source for copying conditions.  There is NO
warranty; not even for MERCHANTABILITY or FITNESS FOR A PARTICULAR PURPOSE.

configure:2807: $? = 0
configure:2814: gcc -v >&5
Using built-in specs.
COLLECT_GCC=gcc
COLLECT_LTO_WRAPPER=/usr/lib/gcc/x86_64-linux-gnu/4.6/lto-wrapper
Target: x86_64-linux-gnu
Configured with: ../src/configure -v --with-pkgversion='Ubuntu/Linaro 4.6.3-1ubuntu5' --with-bugurl=file:///usr/share/doc/gcc-4.6/README.Bugs --enable-languages=c,c++,fortran,objc,obj-c++ --prefix=/usr --program-suffix=-4.6 --enable-shared --enable-linker-build-id --with-system-zlib --libexecdir=/usr/lib --without-included-gettext --enable-threads=posix --with-gxx-include-dir=/usr/include/c++/4.6 --libdir=/usr/lib --enable-nls --with-sysroot=/ --enable-clocale=gnu --enable-libstdcxx-debug --enable-libstdcxx-time=yes --enable-gnu-unique-object --enable-plugin --enable-objc-gc --disable-werror --with-arch-32=i686 --with-tune=generic --enable-checking=release --build=x86_64-linux-gnu --host=x86_64-linux-gnu --target=x86_64-linux-gnu
Thread model: posix
gcc version 4.6.3 (Ubuntu/Linaro 4.6.3-1ubuntu5) 
configure:2817: $? = 0
configure:2824: gcc -V >&5
gcc: error: unrecognized option '-V'
gcc: fatal error: no input files
compilation terminated.
configure:2827: $? = 4
configure:2850: checking for C compiler default output file name
configure:2877: gcc    conftest.c  >&5
configure:2880: $? = 0
configure:2926: result: a.out
configure:2931: checking whether the C compiler works
configure:2941: ./a.out
configure:2944: $? = 0
configure:2961: result: yes
configure:2968: checking whether we are cross compiling
configure:2970: result: no
configure:2973: checking for suffix of executables
configure:2980: gcc -o conftest    conftest.c  >&5
configure:2983: $? = 0
configure:3007: result: 
configure:3013: checking for suffix of object files
configure:3039: gcc -c   conftest.c >&5
configure:3042: $? = 0
configure:3065: result: o
configure:3069: checking whether we are using the GNU C compiler
configure:3098: gcc -c   conftest.c >&5
configure:3104: $? = 0
configure:3111: test -z "$ac_c_werror_flag" || test ! -s conftest.err
configure:3114: $? = 0
configure:3121: test -s conftest.o
configure:3124: $? = 0
configure:3138: result: yes
configure:3143: checking whether gcc accepts -g
configure:3173: gcc -c -g  conftest.c >&5
configure:3179: $? = 0
configure:3186: test -z "$ac_c_werror_flag" || test ! -s conftest.err
configure:3189: $? = 0
configure:3196: test -s conftest.o
configure:3199: $? = 0
configure:3329: result: yes
configure:3346: checking for gcc option to accept ISO C89
configure:3420: gcc  -c -g -O2  conftest.c >&5
configure:3426: $? = 0
configure:3433: test -z "$ac_c_werror_flag" || test ! -s conftest.err
configure:3436: $? = 0
configure:3443: test -s conftest.o
configure:3446: $? = 0
configure:3466: result: none needed
configure:3495: checking for style of include used by make
configure:3523: result: GNU
configure:3551: checking dependency style of gcc
configure:3641: result: gcc3
configure:3671: checking for a BSD-compatible install
configure:3727: result: /usr/bin/install -c
configure:3816: checking build system type
configure:3834: result: x86_64-unknown-linux-gnu
configure:3856: checking host system type
configure:3871: result: x86_64-unknown-linux-gnu
configure:3893: checking for a sed that does not truncate output
configure:3949: result: /bin/sed
configure:3952: checking for grep that handles long lines and -e
configure:4026: result: /bin/grep
configure:4031: checking for egrep
configure:4109: result: /bin/grep -E
configure:4125: checking for ld used by gcc
configure:4192: result: /usr/bin/ld
configure:4201: checking if the linker (/usr/bin/ld) is GNU ld
configure:4216: result: yes
configure:4221: checking for /usr/bin/ld option to reload object files
configure:4228: result: -r
configure:4246: checking for BSD-compatible nm
configure:4295: result: /usr/bin/nm -B
configure:4299: checking whether ln -s works
configure:4303: result: yes
configure:4310: checking how to recognize dependent libraries
configure:4496: result: pass_all
configure:4585: gcc -c -g -O2  conftest.c >&5
configure:4588: $? = 0
configure:4757: checking how to run the C preprocessor
configure:4797: gcc -E  conftest.c
configure:4803: $? = 0
configure:4841: gcc -E  conftest.c
conftest.c:10:28: fatal error: ac_nonexistent.h: No such file or directory
compilation terminated.
configure:4847: $? = 1
configure: failed program was:
| /* confdefs.h.  */
| #define PACKAGE_NAME "C-Codec"
| #define PACKAGE_TARNAME "c-codec"
| #define PACKAGE_VERSION "2.0"
| #define PACKAGE_STRING "C-Codec 2.0"
| #define PACKAGE_BUGREPORT ""
| #define PACKAGE "c-codec"
| #define VERSION "2.0"
| /* end confdefs.h.  */
| #include <ac_nonexistent.h>
configure:4887: result: gcc -E
configure:4916: gcc -E  conftest.c
configure:4922: $? = 0
configure:4960: gcc -E  conftest.c
conftest.c:10:28: fatal error: ac_nonexistent.h: No such file or directory
compilation terminated.
configure:4966: $? = 1
configure: failed program was:
| /* confdefs.h.  */
| #define PACKAGE_NAME "C-Codec"
| #define PACKAGE_TARNAME "c-codec"
| #define PACKAGE_VERSION "2.0"
| #define PACKAGE_STRING "C-Codec 2.0"
| #define PACKAGE_BUGREPORT ""
| #define PACKAGE "c-codec"
| #define VERSION "2.0"
| /* end confdefs.h.  */
| #include <ac_nonexistent.h>
configure:5011: checking for ANSI C header files
configure:5041: gcc -c -g -O2  conftest.c >&5
configure:5047: $? = 0
configure:5054: test -z "$ac_c_werror_flag" || test ! -s conftest.err
configure:5057: $? = 0
configure:5064: test -s conftest.o
configure:5067: $? = 0
configure:5163: gcc -o conftest -g -O2   conftest.c  >&5
configure:5166: $? = 0
configure:5172: ./conftest
configure:5175: $? = 0
configure:5192: result: yes
configure:5216: checking for sys/types.h
configure:5237: gcc -c -g -O2  conftest.c >&5
configure:5243: $? = 0
configure:5250: test -z "$ac_c_werror_flag" || test ! -s conftest.err
configure:5253: $? = 0
configure:5260: test -s conftest.o
configure:5263: $? = 0
configure:5276: result: yes
configure:5216: checking for sys/stat.h
configure:5237: gcc -c -g -O2  conftest.c >&5
configure:5243: $? = 0
configure:5250: test -z "$ac_c_werror_flag" || test ! -s conftest.err
configure:5253: $? = 0
configure:5260: test -s conftest.o
configure:5263: $? = 0
configure:5276: result: yes
configure:5216: checking for stdlib.h
configure:5237: gcc -c -g -O2  conftest.c >&5
configure:5243: $? = 0
configure:5250: test -z "$ac_c_werror_flag" || test ! -s conftest.err
configure:5253: $? = 0
configure:5260: test -s conftest.o
configure:5263: $? = 0
configure:5276: result: yes
configure:5216: checking for string.h
configure:5237: gcc -c -g -O2  conftest.c >&5
configure:5243: $? = 0
configure:5250: test -z "$ac_c_werror_flag" || test ! -s conftest.err
configure:5253: $? = 0
configure:5260: test -s conftest.o
configure:5263: $? = 0
configure:5276: result: yes
configure:5216: checking for memory.h
configure:5237: gcc -c -g -O2  conftest.c >&5
configure:5243: $? = 0
configure:5250: test -z "$ac_c_werror_flag" || test ! -s conftest.err
configure:5253: $? = 0
configure:5260: test -s conftest.o
configure:5263: $? = 0
configure:5276: result: yes
configure:5216: checking for strings.h
configure:5237: gcc -c -g -O2  conftest.c >&5
configure:5243: $? = 0
configure:5250: test -z "$ac_c_werror_flag" || test ! -s conftest.err
configure:5253: $? = 0
configure:5260: test -s conftest.o
configure:5263: $? = 0
configure:5276: result: yes
configure:5216: checking for inttypes.h
configure:5237: gcc -c -g -O2  conftest.c >&5
configure:5243: $? = 0
configure:5250: test -z "$ac_c_werror_flag" || test ! -s conftest.err
configure:5253: $? = 0
configure:5260: test -s conftest.o
configure:5263: $? = 0
configure:5276: result: yes
configure:5216: checking for stdint.h
configure:5237: gcc -c -g -O2  conftest.c >&5
configure:5243: $? = 0
configure:5250: test -z "$ac_c_werror_flag" || test ! -s conftest.err
configure:5253: $? = 0
configure:5260: test -s conftest.o
configure:5263: $? = 0
configure:5276: result: yes
configure:5216: checking for unistd.h
configure:5237: gcc -c -g -O2  conftest.c >&5
configure:5243: $? = 0
configure:5250: test -z "$ac_c_werror_flag" || test ! -s conftest.err
configure:5253: $? = 0
configure:5260: test -s conftest.o
configure:5263: $? = 0
configure:5276: result: yes
configure:5303: checking dlfcn.h usability
configure:5320: gcc -c -g -O2  conftest.c >&5
configure:5326: $? = 0
configure:5333: test -z "$ac_c_werror_flag" || test ! -s conftest.err
configure:5336: $? = 0
configure:5343: test -s conftest.o
configure:5346: $? = 0
configure:5357: result: yes
configure:5361: checking dlfcn.h presence
configure:5376: gcc -E  conftest.c
configure:5382: $? = 0
configure:5403: result: yes
configure:5431: checking for dlfcn.h
configure:5439: result: yes
configure:5510: checking for g++
configure:5526: found /usr/bin/g++
configure:5537: result: g++
configure:5568: checking for C++ compiler version
configure:5575: g++ --version >&5
g++ (Ubuntu/Linaro 4.6.3-1ubuntu5) 4.6.3
Copyright (C) 2011 Free Software Foundation, Inc.
This is free software; see the source for copying conditions.  There is NO
warranty; not even for MERCHANTABILITY or FITNESS FOR A PARTICULAR PURPOSE.

configure:5578: $? = 0
configure:5585: g++ -v >&5
Using built-in specs.
COLLECT_GCC=g++
COLLECT_LTO_WRAPPER=/usr/lib/gcc/x86_64-linux-gnu/4.6/lto-wrapper
Target: x86_64-linux-gnu
Configured with: ../src/configure -v --with-pkgversion='Ubuntu/Linaro 4.6.3-1ubuntu5' --with-bugurl=file:///usr/share/doc/gcc-4.6/README.Bugs --enable-languages=c,c++,fortran,objc,obj-c++ --prefix=/usr --program-suffix=-4.6 --enable-shared --enable-linker-build-id --with-system-zlib --libexecdir=/usr/lib --without-included-gettext --enable-threads=posix --with-gxx-include-dir=/usr/include/c++/4.6 --libdir=/usr/lib --enable-nls --with-sysroot=/ --enable-clocale=gnu --enable-libstdcxx-debug --enable-libstdcxx-time=yes --enable-gnu-unique-object --enable-plugin --enable-objc-gc --disable-werror --with-arch-32=i686 --with-tune=generic --enable-checking=release --build=x86_64-linux-gnu --host=x86_64-linux-gnu --target=x86_64-linux-gnu
Thread model: posix
gcc version 4.6.3 (Ubuntu/Linaro 4.6.3-1ubuntu5) 
configure:5588: $? = 0
configure:5595: g++ -V >&5
g++: error: unrecognized option '-V'
g++: fatal error: no input files
compilation terminated.
configure:5598: $? = 4
configure:5601: checking whether we are using the GNU C++ compiler
configure:5630: g++ -c   conftest.cpp >&5
configure:5636: $? = 0
configure:5643: test -z "$ac_cxx_werror_flag" || test ! -s conftest.err
configure:5646: $? = 0
configure:5653: test -s conftest.o
configure:5656: $? = 0
configure:5670: result: yes
configure:5675: checking whether g++ accepts -g
configure:5705: g++ -c -g  conftest.cpp >&5
configure:5711: $? = 0
configure:5718: test -z "$ac_cxx_werror_flag" || test ! -s conftest.err
configure:5721: $? = 0
configure:5728: test -s conftest.o
configure:5731: $? = 0
configure:5861: result: yes
configure:5886: checking dependency style of g++
configure:5976: result: gcc3
configure:6003: checking how to run the C++ preprocessor
configure:6039: g++ -E  conftest.cpp
configure:6045: $? = 0
configure:6083: g++ -E  conftest.cpp
conftest.cpp:21:28: fatal error: ac_nonexistent.h: No such file or directory
compilation terminated.
configure:6089: $? = 1
configure: failed program was:
| /* confdefs.h.  */
| #define PACKAGE_NAME "C-Codec"
| #define PACKAGE_TARNAME "c-codec"
| #define PACKAGE_VERSION "2.0"
| #define PACKAGE_STRING "C-Codec 2.0"
| #define PACKAGE_BUGREPORT ""
| #define PACKAGE "c-codec"
| #define VERSION "2.0"
| #define STDC_HEADERS 1
| #define HAVE_SYS_TYPES_H 1
| #define HAVE_SYS_STAT_H 1
| #define HAVE_STDLIB_H 1
| #define HAVE_STRING_H 1
| #define HAVE_MEMORY_H 1
| #define HAVE_STRINGS_H 1
| #define HAVE_INTTYPES_H 1
| #define HAVE_STDINT_H 1
| #define HAVE_UNISTD_H 1
| #define HAVE_DLFCN_H 1
| /* end confdefs.h.  */
| #include <ac_nonexistent.h>
configure:6129: result: g++ -E
configure:6158: g++ -E  conftest.cpp
configure:6164: $? = 0
configure:6202: g++ -E  conftest.cpp
conftest.cpp:21:28: fatal error: ac_nonexistent.h: No such file or directory
compilation terminated.
configure:6208: $? = 1
configure: failed program was:
| /* confdefs.h.  */
| #define PACKAGE_NAME "C-Codec"
| #define PACKAGE_TARNAME "c-codec"
| #define PACKAGE_VERSION "2.0"
| #define PACKAGE_STRING "C-Codec 2.0"
| #define PACKAGE_BUGREPORT ""
| #define PACKAGE "c-codec"
| #define VERSION "2.0"
| #define STDC_HEADERS 1
| #define HAVE_SYS_TYPES_H 1
| #define HAVE_SYS_STAT_H 1
| #define HAVE_STDLIB_H 1
| #define HAVE_STRING_H 1
| #define HAVE_MEMORY_H 1
| #define HAVE_STRINGS_H 1
| #define HAVE_INTTYPES_H 1
| #define HAVE_STDINT_H 1
| #define HAVE_UNISTD_H 1
| #define HAVE_DLFCN_H 1
| /* end confdefs.h.  */
| #include <ac_nonexistent.h>
configure:6308: checking for g77
configure:6338: result: no
configure:6308: checking for f77
configure:6338: result: no
configure:6308: checking for xlf
configure:6338: result: no
configure:6308: checking for frt
configure:6338: result: no
configure:6308: checking for pgf77
configure:6338: result: no
configure:6308: checking for cf77
configure:6338: result: no
configure:6308: checking for fort77
configure:6338: result: no
configure:6308: checking for fl32
configure:6338: result: no
configure:6308: checking for af77
configure:6338: result: no
configure:6308: checking for f90
configure:6338: result: no
configure:6308: checking for xlf90
configure:6338: result: no
configure:6308: checking for pgf90
configure:6338: result: no
configure:6308: checking for pghpf
configure:6338: result: no
configure:6308: checking for epcf90
configure:6338: result: no
configure:6308: checking for gfortran
configure:6338: result: no
configure:6308: checking for g95
configure:6338: result: no
configure:6308: checking for f95
configure:6338: result: no
configure:6308: checking for fort
configure:6338: result: no
configure:6308: checking for xlf95
configure:6338: result: no
configure:6308: checking for ifort
configure:6338: result: no
configure:6308: checking for ifc
configure:6338: result: no
configure:6308: checking for efc
configure:6338: result: no
configure:6308: checking for pgf95
configure:6338: result: no
configure:6308: checking for lf95
configure:6338: result: no
configure:6308: checking for ftn
configure:6338: result: no
configure:6365: checking for Fortran 77 compiler version
configure:6372:  --version >&5
./configure: line 6373: --version: command not found
configure:6375: $? = 127
configure:6382:  -v >&5
./configure: line 6383: -v: command not found
configure:6385: $? = 127
configure:6392:  -V >&5
./configure: line 6393: -V: command not found
configure:6395: $? = 127
configure:6403: checking whether we are using the GNU Fortran 77 compiler
configure:6422:  -c  conftest.F >&5
./configure: line 6423: -c: command not found
configure:6428: $? = 127
configure: failed program was:
|       program main
| #ifndef __GNUC__
|        choke me
| #endif
| 
|       end
configure:6462: result: no
configure:6468: checking whether  accepts -g
configure:6485:  -c -g conftest.f >&5
./configure: line 6486: -c: command not found
configure:6491: $? = 127
configure: failed program was:
|       program main
| 
|       end
configure:6524: result: no
configure:6553: checking the maximum length of command line arguments
configure:6665: result: 1572864
configure:6677: checking command to parse /usr/bin/nm -B output from gcc object
configure:6782: gcc -c -g -O2  conftest.c >&5
configure:6785: $? = 0
configure:6789: /usr/bin/nm -B conftest.o \| sed -n -e 's/^.*[ 	]\([ABCDGIRSTW][ABCDGIRSTW]*\)[ 	][ 	]*\([_A-Za-z][_A-Za-z0-9]*\)$/\1 \2 \2/p' \> conftest.nm
configure:6792: $? = 0
configure:6844: gcc -o conftest -g -O2   conftest.c conftstm.o >&5
configure:6847: $? = 0
configure:6885: result: ok
configure:6889: checking for objdir
configure:6904: result: .libs
configure:6996: checking for ar
configure:7012: found /usr/bin/ar
configure:7023: result: ar
configure:7092: checking for ranlib
configure:7108: found /usr/bin/ranlib
configure:7119: result: ranlib
configure:7188: checking for strip
configure:7204: found /usr/bin/strip
configure:7215: result: strip
configure:7829: checking if gcc supports -fno-rtti -fno-exceptions
configure:7847: gcc -c -g -O2  -fno-rtti -fno-exceptions conftest.c >&5
cc1: warning: command line option '-fno-rtti' is valid for C++/ObjC++ but not for C [enabled by default]
configure:7851: $? = 0
configure:7864: result: no
configure:7879: checking for gcc option to produce PIC
configure:8111: result: -fPIC
configure:8119: checking if gcc PIC flag -fPIC works
configure:8137: gcc -c -g -O2  -fPIC -DPIC conftest.c >&5
configure:8141: $? = 0
configure:8154: result: yes
configure:8182: checking if gcc static flag -static works
configure:8210: result: yes
configure:8220: checking if gcc supports -c -o file.o
configure:8241: gcc -c -g -O2  -o out/conftest2.o conftest.c >&5
configure:8245: $? = 0
configure:8267: result: yes
configure:8293: checking whether the gcc linker (/usr/bin/ld -m elf_x86_64) supports shared libraries
configure:9305: result: yes
configure:9326: checking whether -lc should be explicitly linked in
configure:9331: gcc -c -g -O2  conftest.c >&5
configure:9334: $? = 0
configure:9349: gcc -shared conftest.o  -v -Wl,-soname -Wl,conftest -o conftest 2\>\&1 \| grep  -lc  \>/dev/null 2\>\&1
configure:9352: $? = 0
configure:9364: result: no
configure:9372: checking dynamic linker characteristics
configure:9974: result: GNU/Linux ld.so
configure:9998: checking how to hardcode library paths into programs
configure:10023: result: immediate
configure:10037: checking whether stripping libraries is possible
configure:10042: result: yes
configure:10956: checking if libtool supports shared libraries
configure:10958: result: yes
configure:10961: checking whether to build shared libraries
configure:10982: result: yes
configure:10985: checking whether to build static libraries
configure:10989: result: yes
configure:11083: creating libtool
configure:11676: checking for ld used by g++
configure:11743: result: /usr/bin/ld -m elf_x86_64
configure:11752: checking if the linker (/usr/bin/ld -m elf_x86_64) is GNU ld
configure:11767: result: yes
configure:11818: checking whether the g++ linker (/usr/bin/ld -m elf_x86_64) supports shared libraries
configure:12796: result: yes
configure:12813: g++ -c -g -O2  conftest.cpp >&5
configure:12816: $? = 0
configure:12972: checking for g++ option to produce PIC
configure:13256: result: -fPIC
configure:13264: checking if g++ PIC flag -fPIC works
configure:13282: g++ -c -g -O2  -fPIC -DPIC conftest.cpp >&5
configure:13286: $? = 0
configure:13299: result: yes
configure:13327: checking if g++ static flag -static works
configure:13355: result: yes
configure:13365: checking if g++ supports -c -o file.o
configure:13386: g++ -c -g -O2  -o out/conftest2.o conftest.cpp >&5
configure:13390: $? = 0
configure:13412: result: yes
configure:13438: checking whether the g++ linker (/usr/bin/ld -m elf_x86_64) supports shared libraries
configure:13464: result: yes
configure:13531: checking dynamic linker characteristics
configure:14081: result: GNU/Linux ld.so
configure:14105: checking how to hardcode library paths into programs
configure:14130: result: immediate
configure:20416: checking whether to enable maintainer-specific portions of Makefiles
configure:20425: result: no
configure:20536: checking for rlConnect in -lrlgluenetdev
configure:20571: gcc -o conftest -g -O2   conftest.c -lrlgluenetdev -lrlutils  >&5
configure:20577: $? = 0
configure:20584: test -z "$ac_c_werror_flag" || test ! -s conftest.err
configure:20587: $? = 0
configure:20594: test -s conftest
configure:20597: $? = 0
configure:20611: result: yes
configure:20637: checking for rlglue/RL_common.h
configure:20661: gcc -c -g -O2  conftest.c >&5
configure:20667: $? = 0
configure:20674: test -z "$ac_c_werror_flag" || test ! -s conftest.err
configure:20677: $? = 0
configure:20684: test -s conftest.o
configure:20687: $? = 0
configure:20700: result: yes
configure:20637: checking for rlglue/Agent_common.h
configure:20661: gcc -c -g -O2  conftest.c >&5
configure:20667: $? = 0
configure:20674: test -z "$ac_c_werror_flag" || test ! -s conftest.err
configure:20677: $? = 0
configure:20684: test -s conftest.o
configure:20687: $? = 0
configure:20700: result: yes
configure:20637: checking for rlglue/Environment_common.h
configure:20661: gcc -c -g -O2  conftest.c >&5
configure:20667: $? = 0
configure:20674: test -z "$ac_c_werror_flag" || test ! -s conftest.err
configure:20677: $? = 0
configure:20684: test -s conftest.o
configure:20687: $? = 0
configure:20700: result: yes
configure:20637: checking for rlglue/RL_glue.h
configure:20661: gcc -c -g -O2  conftest.c >&5
configure:20667: $? = 0
configure:20674: test -z "$ac_c_werror_flag" || test ! -s conftest.err
configure:20677: $? = 0
configure:20684: test -s conftest.o
configure:20687: $? = 0
configure:20700: result: yes
configure:20637: checking for rlglue/network/RL_network.h
configure:20661: gcc -c -g -O2  conftest.c >&5
configure:20667: $? = 0
configure:20674: test -z "$ac_c_werror_flag" || test ! -s conftest.err
configure:20677: $? = 0
configure:20684: test -s conftest.o
configure:20687: $? = 0
configure:20700: result: yes
configure:20732: checking ieeefp.h, usability
configure:20749: gcc -c -g -O2  conftest.c >&5
conftest.c:60:21: fatal error: ieeefp.h,: No such file or directory
compilation terminated.
configure:20755: $? = 1
configure: failed program was:
| /* confdefs.h.  */
| #define PACKAGE_NAME "C-Codec"
| #define PACKAGE_TARNAME "c-codec"
| #define PACKAGE_VERSION "2.0"
| #define PACKAGE_STRING "C-Codec 2.0"
| #define PACKAGE_BUGREPORT ""
| #define PACKAGE "c-codec"
| #define VERSION "2.0"
| #define STDC_HEADERS 1
| #define HAVE_SYS_TYPES_H 1
| #define HAVE_SYS_STAT_H 1
| #define HAVE_STDLIB_H 1
| #define HAVE_STRING_H 1
| #define HAVE_MEMORY_H 1
| #define HAVE_STRINGS_H 1
| #define HAVE_INTTYPES_H 1
| #define HAVE_STDINT_H 1
| #define HAVE_UNISTD_H 1
| #define HAVE_DLFCN_H 1
| #define HAVE_LIBRLGLUENETDEV 1
| #define HAVE_RLGLUE_RL_COMMON_H 1
| #define HAVE_RLGLUE_AGENT_COMMON_H 1
| #define HAVE_RLGLUE_ENVIRONMENT_COMMON_H 1
| #define HAVE_RLGLUE_RL_GLUE_H 1
| #define HAVE_RLGLUE_NETWORK_RL_NETWORK_H 1
| /* end confdefs.h.  */
| #include <stdio.h>
| #if HAVE_SYS_TYPES_H
| # include <sys/types.h>
| #endif
| #if HAVE_SYS_STAT_H
| # include <sys/stat.h>
| #endif
| #if STDC_HEADERS
| # include <stdlib.h>
| # include <stddef.h>
| #else
| # if HAVE_STDLIB_H
| #  include <stdlib.h>
| # endif
| #endif
| #if HAVE_STRING_H
| # if !STDC_HEADERS && HAVE_MEMORY_H
| #  include <memory.h>
| # endif
| # include <string.h>
| #endif
| #if HAVE_STRINGS_H
| # include <strings.h>
| #endif
| #if HAVE_INTTYPES_H
| # include <inttypes.h>
| #endif
| #if HAVE_STDINT_H
| # include <stdint.h>
| #endif
| #if HAVE_UNISTD_H
| # include <unistd.h>
| #endif
| #include <ieeefp.h,>
configure:20786: result: no
configure:20790: checking ieeefp.h, presence
configure:20805: gcc -E  conftest.c
conftest.c:27:21: fatal error: ieeefp.h,: No such file or directory
compilation terminated.
configure:20811: $? = 1
configure: failed program was:
| /* confdefs.h.  */
| #define PACKAGE_NAME "C-Codec"
| #define PACKAGE_TARNAME "c-codec"
| #define PACKAGE_VERSION "2.0"
| #define PACKAGE_STRING "C-Codec 2.0"
| #define PACKAGE_BUGREPORT ""
| #define PACKAGE "c-codec"
| #define VERSION "2.0"
| #define STDC_HEADERS 1
| #define HAVE_SYS_TYPES_H 1
| #define HAVE_SYS_STAT_H 1
| #define HAVE_STDLIB_H 1
| #define HAVE_STRING_H 1
| #define HAVE_MEMORY_H 1
| #define HAVE_STRINGS_H 1
| #define HAVE_INTTYPES_H 1
| #define HAVE_STDINT_H 1
| #define HAVE_UNISTD_H 1
| #define HAVE_DLFCN_H 1
| #define HAVE_LIBRLGLUENETDEV 1
| #define HAVE_RLGLUE_RL_COMMON_H 1
| #define HAVE_RLGLUE_AGENT_COMMON_H 1
| #define HAVE_RLGLUE_ENVIRONMENT_COMMON_H 1
| #define HAVE_RLGLUE_RL_GLUE_H 1
| #define HAVE_RLGLUE_NETWORK_RL_NETWORK_H 1
| /* end confdefs.h.  */
| #include <ieeefp.h,>
configure:20832: result: no
configure:20860: checking for ieeefp.h,
configure:20868: result: no
configure:20732: checking sys/time.h usability
configure:20749: gcc -c -g -O2  conftest.c >&5
configure:20755: $? = 0
configure:20762: test -z "$ac_c_werror_flag" || test ! -s conftest.err
configure:20765: $? = 0
configure:20772: test -s conftest.o
configure:20775: $? = 0
configure:20786: result: yes
configure:20790: checking sys/time.h presence
configure:20805: gcc -E  conftest.c
configure:20811: $? = 0
configure:20832: result: yes
configure:20860: checking for sys/time.h
configure:20868: result: yes
configure:20889: checking for isnan
configure:20945: gcc -o conftest -g -O2   conftest.c -lrlgluenetdev  >&5
conftest.c:51:6: warning: conflicting types for built-in function 'isnan' [enabled by default]
configure:20951: $? = 0
configure:20958: test -z "$ac_c_werror_flag" || test ! -s conftest.err
configure:20961: $? = 0
configure:20968: test -s conftest
configure:20971: $? = 0
configure:20985: result: yes
configure:20889: checking for isinf
configure:20945: gcc -o conftest -g -O2   conftest.c -lrlgluenetdev  >&5
conftest.c:52:6: warning: conflicting types for built-in function 'isinf' [enabled by default]
configure:20951: $? = 0
configure:20958: test -z "$ac_c_werror_flag" || test ! -s conftest.err
configure:20961: $? = 0
configure:20968: test -s conftest
configure:20971: $? = 0
configure:20985: result: yes
configure:20889: checking for gettimeofday
configure:20945: gcc -o conftest -g -O2   conftest.c -lrlgluenetdev  >&5
configure:20951: $? = 0
configure:20958: test -z "$ac_c_werror_flag" || test ! -s conftest.err
configure:20961: $? = 0
configure:20968: test -s conftest
configure:20971: $? = 0
configure:20985: result: yes
configure:20889: checking for gethostbyname
configure:20945: gcc -o conftest -g -O2   conftest.c -lrlgluenetdev  >&5
configure:20951: $? = 0
configure:20958: test -z "$ac_c_werror_flag" || test ! -s conftest.err
configure:20961: $? = 0
configure:20968: test -s conftest
configure:20971: $? = 0
configure:20985: result: yes
configure:20889: checking for inet_ntoa
configure:20945: gcc -o conftest -g -O2   conftest.c -lrlgluenetdev  >&5
configure:20951: $? = 0
configure:20958: test -z "$ac_c_werror_flag" || test ! -s conftest.err
configure:20961: $? = 0
configure:20968: test -s conftest
configure:20971: $? = 0
configure:20985: result: yes
configure:20997: checking for struct hostent.h_addr_list
configure:21026: gcc -c -g -O2  conftest.c >&5
configure:21032: $? = 0
configure:21039: test -z "$ac_c_werror_flag" || test ! -s conftest.err
configure:21042: $? = 0
configure:21049: test -s conftest.o
configure:21052: $? = 0
configure:21124: result: yes
configure:21272: creating ./config.status

## ---------------------- ##
## Running config.status. ##
## ---------------------- ##

This file was extended by C-Codec config.status 2.0, which was
generated by GNU Autoconf 2.60.  Invocation command line was

  CONFIG_FILES    = 
  CONFIG_HEADERS  = 
  CONFIG_LINKS    = 
  CONFIG_COMMANDS = 
  $ ./config.status 

on gao-Lemur-Ultra

config.status:654: creating Makefile
config.status:654: creating src/Makefile
config.status:654: creating tests/Makefile
config.status:654: creating config/config.h
config.status:888: config/config.h is unchanged
config.status:934: executing depfiles commands

## ---------------- ##
## Cache variables. ##
## ---------------- ##

ac_cv_build=x86_64-unknown-linux-gnu
ac_cv_c_compiler_gnu=yes
ac_cv_cxx_compiler_gnu=yes
ac_cv_env_CCC_set=
ac_cv_env_CCC_value=
ac_cv_env_CC_set=
ac_cv_env_CC_value=
ac_cv_env_CFLAGS_set=
ac_cv_env_CFLAGS_value=
ac_cv_env_CPPFLAGS_set=
ac_cv_env_CPPFLAGS_value=
ac_cv_env_CPP_set=
ac_cv_env_CPP_value=
ac_cv_env_CXXCPP_set=
ac_cv_env_CXXCPP_value=
ac_cv_env_CXXFLAGS_set=
ac_cv_env_CXXFLAGS_value=
ac_cv_env_CXX_set=
ac_cv_env_CXX_value=
ac_cv_env_F77_set=
ac_cv_env_F77_value=
ac_cv_env_FFLAGS_set=
ac_cv_env_FFLAGS_value=
ac_cv_env_LDFLAGS_set=
ac_cv_env_LDFLAGS_value=
ac_cv_env_build_alias_set=
ac_cv_env_build_alias_value=
ac_cv_env_host_alias_set=
ac_cv_env_host_alias_value=
ac_cv_env_target_alias_set=
ac_cv_env_target_alias_value=
ac_cv_f77_compiler_gnu=no
ac_cv_func_gethostbyname=yes
ac_cv_func_gettimeofday=yes
ac_cv_func_inet_ntoa=yes
ac_cv_func_isinf=yes
ac_cv_func_isnan=yes
ac_cv_header_dlfcn_h=yes
ac_cv_header_ieeefp_h_=no
ac_cv_header_inttypes_h=yes
ac_cv_header_memory_h=yes
ac_cv_header_rlglue_Agent_common_h=yes
ac_cv_header_rlglue_Environment_common_h=yes
ac_cv_header_rlglue_RL_common_h=yes
ac_cv_header_rlglue_RL_glue_h=yes
ac_cv_header_rlglue_network_RL_network_h=yes
ac_cv_header_stdc=yes
ac_cv_header_stdint_h=yes
ac_cv_header_stdlib_h=yes
ac_cv_header_string_h=yes
ac_cv_header_strings_h=yes
ac_cv_header_sys_stat_h=yes
ac_cv_header_sys_time_h=yes
ac_cv_header_sys_types_h=yes
ac_cv_header_unistd_h=yes
ac_cv_host=x86_64-unknown-linux-gnu
ac_cv_lib_rlgluenetdev_rlConnect=yes
ac_cv_member_struct_hostent_h_addr_list=yes
ac_cv_objext=o
ac_cv_path_EGREP='/bin/grep -E'
ac_cv_path_GREP=/bin/grep
ac_cv_path_install='/usr/bin/install -c'
ac_cv_prog_AWK=mawk
ac_cv_prog_CPP='gcc -E'
ac_cv_prog_CXXCPP='g++ -E'
ac_cv_prog_ac_ct_AR=ar
ac_cv_prog_ac_ct_CC=gcc
ac_cv_prog_ac_ct_CXX=g++
ac_cv_prog_ac_ct_RANLIB=ranlib
ac_cv_prog_ac_ct_STRIP=strip
ac_cv_prog_cc_c89=
ac_cv_prog_cc_g=yes
ac_cv_prog_cxx_g=yes
ac_cv_prog_f77_g=no
ac_cv_prog_make_make_set=yes
am_cv_CC_dependencies_compiler_type=gcc3
am_cv_CXX_dependencies_compiler_type=gcc3
am_cv_prog_tar_ustar=gnutar
lt_cv_deplibs_check_method=pass_all
lt_cv_file_magic_cmd='$MAGIC_CMD'
lt_cv_file_magic_test_file=
lt_cv_ld_reload_flag=-r
lt_cv_objdir=.libs
lt_cv_path_LD=/usr/bin/ld
lt_cv_path_LDCXX='/usr/bin/ld -m elf_x86_64'
lt_cv_path_NM='/usr/bin/nm -B'
lt_cv_path_SED=/bin/sed
lt_cv_prog_compiler_c_o=yes
lt_cv_prog_compiler_c_o_CXX=yes
lt_cv_prog_compiler_pic_works=yes
lt_cv_prog_compiler_pic_works_CXX=yes
lt_cv_prog_compiler_rtti_exceptions=no
lt_cv_prog_compiler_static_works=yes
lt_cv_prog_compiler_static_works_CXX=yes
lt_cv_prog_gnu_ld=yes
lt_cv_prog_gnu_ldcxx=yes
lt_cv_sys_global_symbol_pipe='sed -n -e '\''s/^.*[ 	]\([ABCDGIRSTW][ABCDGIRSTW]*\)[ 	][ 	]*\([_A-Za-z][_A-Za-z0-9]*\)$/\1 \2 \2/p'\'''
lt_cv_sys_global_symbol_to_c_name_address='sed -n -e '\''s/^: \([^ ]*\) $/  {\"\1\", (lt_ptr) 0},/p'\'' -e '\''s/^[BCDEGRST] \([^ ]*\) \([^ ]*\)$/  {"\2", (lt_ptr) \&\2},/p'\'''
lt_cv_sys_global_symbol_to_cdecl='sed -n -e '\''s/^. .* \(.*\)$/extern int \1;/p'\'''
lt_cv_sys_lib_dlsearch_path_spec='/lib /usr/lib /usr/local/lib /lib/x86_64-linux-gnu /usr/lib/x86_64-linux-gnu /usr/lib/x86_64-linux-gnu/mesa '
lt_cv_sys_lib_search_path_spec='/usr/lib/gcc/x86_64-linux-gnu/4.6 /usr/lib/x86_64-linux-gnu /usr/lib /lib/x86_64-linux-gnu /lib'
lt_cv_sys_max_cmd_len=1572864
lt_lt_cv_prog_compiler_c_o='"yes"'
lt_lt_cv_prog_compiler_c_o_CXX='"yes"'
lt_lt_cv_sys_global_symbol_pipe='"sed -n -e '\''s/^.*[ 	]\\([ABCDGIRSTW][ABCDGIRSTW]*\\)[ 	][ 	]*\\([_A-Za-z][_A-Za-z0-9]*\\)\$/\\1 \\2 \\2/p'\''"'
lt_lt_cv_sys_global_symbol_to_c_name_address='"sed -n -e '\''s/^: \\([^ ]*\\) \$/  {\\\"\\1\\\", (lt_ptr) 0},/p'\'' -e '\''s/^[BCDEGRST] \\([^ ]*\\) \\([^ ]*\\)\$/  {\"\\2\", (lt_ptr) \\&\\2},/p'\''"'
lt_lt_cv_sys_global_symbol_to_cdecl='"sed -n -e '\''s/^. .* \\(.*\\)\$/extern int \\1;/p'\''"'

## ----------------- ##
## Output variables. ##
## ----------------- ##

ACLOCAL='${SHELL} /home/gao/Desktop/Project/ale_0.4.3/ale_0_4/rl-glue-ext-read-only/projects/codecs/C/config/missing --run aclocal-1.9'
AMDEPBACKSLASH='\'
AMDEP_FALSE='#'
AMDEP_TRUE=''
AMTAR='${SHELL} /home/gao/Desktop/Project/ale_0.4.3/ale_0_4/rl-glue-ext-read-only/projects/codecs/C/config/missing --run tar'
AR='ar'
AUTOCONF='${SHELL} /home/gao/Desktop/Project/ale_0.4.3/ale_0_4/rl-glue-ext-read-only/projects/codecs/C/config/missing --run autoconf'
AUTOHEADER='${SHELL} /home/gao/Desktop/Project/ale_0.4.3/ale_0_4/rl-glue-ext-read-only/projects/codecs/C/config/missing --run autoheader'
AUTOMAKE='${SHELL} /home/gao/Desktop/Project/ale_0.4.3/ale_0_4/rl-glue-ext-read-only/projects/codecs/C/config/missing --run automake-1.9'
AWK='mawk'
CC='gcc'
CCDEPMODE='depmode=gcc3'
CFLAGS='-g -O2'
CPP='gcc -E'
CPPFLAGS=''
CXX='g++'
CXXCPP='g++ -E'
CXXDEPMODE='depmode=gcc3'
CXXFLAGS='-g -O2'
CYGPATH_W='echo'
DEFS='-DHAVE_CONFIG_H'
DEPDIR='.deps'
DSYMUTIL=''
ECHO='echo'
ECHO_C=''
ECHO_N='-n'
ECHO_T=''
EGREP='/bin/grep -E'
EXEEXT=''
F77=''
FFLAGS=''
GREP='/bin/grep'
INSTALL_DATA='${INSTALL} -m 644'
INSTALL_PROGRAM='${INSTALL}'
INSTALL_SCRIPT='${INSTALL}'
INSTALL_STRIP_PROGRAM='${SHELL} $(install_sh) -c -s'
LDFLAGS=''
LIBOBJS=''
LIBS='-lrlgluenetdev '
LIBTOOL='$(SHELL) $(top_builddir)/libtool'
LN_S='ln -s'
LTLIBOBJS=''
MAINT='#'
MAINTAINER_MODE_FALSE=''
MAINTAINER_MODE_TRUE='#'
MAKEINFO='${SHELL} /home/gao/Desktop/Project/ale_0.4.3/ale_0_4/rl-glue-ext-read-only/projects/codecs/C/config/missing --run makeinfo'
NMEDIT=''
OBJEXT='o'
PACKAGE='c-codec'
PACKAGE_BUGREPORT=''
PACKAGE_NAME='C-Codec'
PACKAGE_STRING='C-Codec 2.0'
PACKAGE_TARNAME='c-codec'
PACKAGE_VERSION='2.0'
PATH_SEPARATOR=':'
RANLIB='ranlib'
SED='/bin/sed'
SET_MAKE=''
SHELL='/bin/bash'
STRIP='strip'
VERSION='2.0'
ac_ct_CC='gcc'
ac_ct_CXX='g++'
ac_ct_F77=''
am__fastdepCC_FALSE='#'
am__fastdepCC_TRUE=''
am__fastdepCXX_FALSE='#'
am__fastdepCXX_TRUE=''
am__include='include'
am__leading_dot='.'
am__quote=''
am__tar='tar --format=ustar -chf - "$$tardir"'
am__untar='tar -xf -'
bindir='${exec_prefix}/bin'
build='x86_64-unknown-linux-gnu'
build_alias=''
build_cpu='x86_64'
build_os='linux-gnu'
build_vendor='unknown'
datadir='${datarootdir}'
datarootdir='${prefix}/share'
docdir='${datarootdir}/doc/${PACKAGE_TARNAME}'
dvidir='${docdir}'
exec_prefix='${prefix}'
host='x86_64-unknown-linux-gnu'
host_alias=''
host_cpu='x86_64'
host_os='linux-gnu'
host_vendor='unknown'
htmldir='${docdir}'
includedir='${prefix}/include'
infodir='${datarootdir}/info'
install_sh='/home/gao/Desktop/Project/ale_0.4.3/ale_0_4/rl-glue-ext-read-only/projects/codecs/C/config/install-sh'
libdir='${exec_prefix}/lib'
libexecdir='${exec_prefix}/libexec'
localedir='${datarootdir}/locale'
localstatedir='${prefix}/var'
mandir='${datarootdir}/man'
mkdir_p='mkdir -p --'
oldincludedir='/usr/include'
pdfdir='${docdir}'
prefix='/usr/local'
program_transform_name='s,x,x,'
psdir='${docdir}'
sbindir='${exec_prefix}/sbin'
sharedstatedir='${prefix}/com'
sysconfdir='${prefix}/etc'
target_alias=''

## ----------- ##
## confdefs.h. ##
## ----------- ##

#define PACKAGE_NAME "C-Codec"
#define PACKAGE_TARNAME "c-codec"
#define PACKAGE_VERSION "2.0"
#define PACKAGE_STRING "C-Codec 2.0"
#define PACKAGE_BUGREPORT ""
#define PACKAGE "c-codec"
#define VERSION "2.0"
#define STDC_HEADERS 1
#define HAVE_SYS_TYPES_H 1
#define HAVE_SYS_STAT_H 1
#define HAVE_STDLIB_H 1
#define HAVE_STRING_H 1
#define HAVE_MEMORY_H 1
#define HAVE_STRINGS_H 1
#define HAVE_INTTYPES_H 1
#define HAVE_STDINT_H 1
#define HAVE_UNISTD_H 1
#define HAVE_DLFCN_H 1
#define HAVE_LIBRLGLUENETDEV 1
#define HAVE_RLGLUE_RL_COMMON_H 1
#define HAVE_RLGLUE_AGENT_COMMON_H 1
#define HAVE_RLGLUE_ENVIRONMENT_COMMON_H 1
#define HAVE_RLGLUE_RL_GLUE_H 1
#define HAVE_RLGLUE_NETWORK_RL_NETWORK_H 1
#define HAVE_SYS_TIME_H 1
#define HAVE_ISNAN 1
#define HAVE_ISINF 1
#define HAVE_GETTIMEOFDAY 1
#define HAVE_GETHOSTBYNAME 1
#define HAVE_INET_NTOA 1
#define HAVE_STRUCT_HOSTENT_H_ADDR_LIST 1

configure: exit 0
